<?xml version="1.0" encoding="utf-8"?><testsuites name="pytest tests"><testsuite name="pytest" errors="0" failures="0" skipped="0" tests="3" time="1.918" timestamp="2026-05-05T16:22:05.385129+00:00" hostname="agent-env-7635622a-ac79-4c02-9618-9220f1a07872"><testcase classname="backend.tests.backend_test.TestHealth" name="test_health_status_code" time="0.484" /><testcase classname="backend.tests.backend_test.TestHealth" name="test_health_payload" time="0.456" /><testcase classname="backend.tests.backend_test.TestHealth" name="test_health_cors" time="0.225" /></testsuite></testsuites>